0.022000 0.008000 25 0.004000 
0.024000 0.007000 1365 0.246000 
0.025000 0.007000 3422 0.621000 
0.029000 0.008000 7452 1.356000 
0.039000 0.008000 12644 2.319000 
0.057000 0.008000 20550 3.805000 
0.065000 0.008000 26076 4.793000 
0.087000 0.008000 40188 7.406000 
0.102000 0.008000 47632 8.874000 
0.121000 0.008000 60452 11.145000 
0.145000 0.009000 70125 12.924000 
0.157000 0.009000 83505 15.443000 
0.185000 0.008000 98596 18.240000 
0.211000 0.008000 112554 20.759001 
0.243000 0.008000 133189 24.642000 
0.270000 0.009000 150495 27.777000 
0.315000 0.009000 176778 32.629002 
0.343000 0.009000 194480 35.907001 
0.382000 0.009000 217512 40.199001 
0.463000 0.008000 262144 49.278000 
